Reading data

-------------------------

Normalizing data
┌─────────┬─────┬─────┬─────┬─────┐
│ (index) │  0  │  1  │  2  │  3  │
├─────────┼─────┼─────┼─────┼─────┤
│  maxes  │ 7.9 │ 4.4 │ 6.9 │ 2.5 │
│  mins   │ 4.3 │  2  │  1  │ 0.1 │
└─────────┴─────┴─────┴─────┴─────┘

Sample:
┌─────────┬─────────────────────┐
│ (index) │       Values        │
├─────────┼─────────────────────┤
│    0    │ 0.22222222222222213 │
│    1    │ 0.6249999999999999  │
│    2    │ 0.06779661016949151 │
│    3    │ 0.04166666666666667 │
│    4    │          1          │
└─────────┴─────────────────────┘

-------------------------

Fuzzification - applying membership function

Sample:
┌─────────┬────────────────────┬─────────────────────┬─────────────────────┬────────┐
│ (index) │         0          │          1          │          2          │ Values │
├─────────┼────────────────────┼─────────────────────┼─────────────────────┼────────┤
│    0    │ 0.6296296296296298 │ 0.37037037037037024 │          0          │        │
│    1    │         0          │ 0.9375000000000002  │ 0.06249999999999978 │        │
│    2    │ 0.8870056497175142 │ 0.11299435028248586 │          0          │        │
│    3    │ 0.9305555555555556 │ 0.06944444444444446 │          0          │        │
│    4    │                    │                     │                     │   1    │
└─────────┴────────────────────┴─────────────────────┴─────────────────────┴────────┘

-------------------------

Rule matching

Sample:
┌─────────┬────────┐
│ (index) │ Values │
├─────────┼────────┤
│    0    │   1    │
│    1    │   1    │
└─────────┴────────┘

-------------------------

┌─────────┬────────┐
│ (index) │ Values │
├─────────┼────────┤
│  total  │  150   │
│ matched │  118   │
│    %    │ 78.67  │
└─────────┴────────┘
